  BaseHID.cpp
c:\users\pekev\onedrive\documentos\github\dsi\proyectonº3\rumblecontroller\basehid.h(58): warning C4244: 'inicializando': conversión de 'double' a 'const float'; posible pérdida de datos
c:\users\pekev\onedrive\documentos\github\dsi\proyectonº3\rumblecontroller\basehid.h(59): warning C4244: 'inicializando': conversión de 'double' a 'const float'; posible pérdida de datos
c:\users\pekev\onedrive\documentos\github\dsi\proyectonº3\rumblecontroller\basehid.cpp(57): warning C4553: '==': el operador no tiene efecto; ¿ha pensado en '='?
  HIDXbox.cpp
c:\users\pekev\onedrive\documentos\github\dsi\proyectonº3\rumblecontroller\basehid.h(58): warning C4244: 'inicializando': conversión de 'double' a 'const float'; posible pérdida de datos
c:\users\pekev\onedrive\documentos\github\dsi\proyectonº3\rumblecontroller\basehid.h(59): warning C4244: 'inicializando': conversión de 'double' a 'const float'; posible pérdida de datos
c:\users\pekev\onedrive\documentos\github\dsi\proyectonº3\rumblecontroller\hidxbox.cpp(30): warning C4244: '-=': conversión de 'float' a 'SHORT'; posible pérdida de datos
c:\users\pekev\onedrive\documentos\github\dsi\proyectonº3\rumblecontroller\hidxbox.cpp(31): warning C4244: '+=': conversión de 'float' a 'SHORT'; posible pérdida de datos
c:\users\pekev\onedrive\documentos\github\dsi\proyectonº3\rumblecontroller\hidxbox.cpp(34): warning C4244: '-=': conversión de 'float' a 'SHORT'; posible pérdida de datos
c:\users\pekev\onedrive\documentos\github\dsi\proyectonº3\rumblecontroller\hidxbox.cpp(35): warning C4244: '+=': conversión de 'float' a 'SHORT'; posible pérdida de datos
c:\users\pekev\onedrive\documentos\github\dsi\proyectonº3\rumblecontroller\hidxbox.cpp(39): warning C4244: '-=': conversión de 'float' a 'SHORT'; posible pérdida de datos
c:\users\pekev\onedrive\documentos\github\dsi\proyectonº3\rumblecontroller\hidxbox.cpp(40): warning C4244: '+=': conversión de 'float' a 'SHORT'; posible pérdida de datos
c:\users\pekev\onedrive\documentos\github\dsi\proyectonº3\rumblecontroller\hidxbox.cpp(44): warning C4244: '-=': conversión de 'float' a 'SHORT'; posible pérdida de datos
c:\users\pekev\onedrive\documentos\github\dsi\proyectonº3\rumblecontroller\hidxbox.cpp(45): warning C4244: '+=': conversión de 'float' a 'SHORT'; posible pérdida de datos
  RumbleController.cpp
c:\users\pekev\onedrive\documentos\github\dsi\proyectonº3\rumblecontroller\basehid.h(58): warning C4244: 'inicializando': conversión de 'double' a 'const float'; posible pérdida de datos
c:\users\pekev\onedrive\documentos\github\dsi\proyectonº3\rumblecontroller\basehid.h(59): warning C4244: 'inicializando': conversión de 'double' a 'const float'; posible pérdida de datos
c:\users\pekev\onedrive\documentos\github\dsi\proyectonº3\rumblecontroller\rumblecontroller.cpp(81): warning C4100: 'hInst': parámetro formal sin referencia
c:\users\pekev\onedrive\documentos\github\dsi\proyectonº3\rumblecontroller\rumblecontroller.cpp(150): warning C4459: la declaración de 'Control' oculta la declaración global
  c:\users\pekev\onedrive\documentos\github\dsi\proyectonº3\rumblecontroller\rumblecontroller.cpp(25): note: vea la declaración de 'Control'
c:\users\pekev\onedrive\documentos\github\dsi\proyectonº3\rumblecontroller\rumblecontroller.cpp(151): warning C4459: la declaración de 'pt' oculta la declaración global
  c:\users\pekev\onedrive\documentos\github\dsi\proyectonº3\rumblecontroller\rumblecontroller.cpp(67): note: vea la declaración de 'pt'
c:\users\pekev\onedrive\documentos\github\dsi\proyectonº3\rumblecontroller\rumblecontroller.cpp(157): warning C4244: '+=': conversión de 'float' a 'LONG'; posible pérdida de datos
c:\users\pekev\onedrive\documentos\github\dsi\proyectonº3\rumblecontroller\rumblecontroller.cpp(158): warning C4244: '+=': conversión de 'float' a 'LONG'; posible pérdida de datos
c:\users\pekev\onedrive\documentos\github\dsi\proyectonº3\rumblecontroller\rumblecontroller.cpp(168): warning C4244: '=': conversión de 'float' a 'LONG'; posible pérdida de datos
c:\users\pekev\onedrive\documentos\github\dsi\proyectonº3\rumblecontroller\rumblecontroller.cpp(169): warning C4244: '=': conversión de 'float' a 'LONG'; posible pérdida de datos
c:\users\pekev\onedrive\documentos\github\dsi\proyectonº3\rumblecontroller\rumblecontroller.cpp(185): warning C4146: operador unario menos aplicado a un tipo unsigned; el resultado aún no tiene signo
c:\users\pekev\onedrive\documentos\github\dsi\proyectonº3\rumblecontroller\rumblecontroller.cpp(153): warning C4189: 'hWnd': la variable local se ha inicializado pero no se hace referencia a ella
c:\users\pekev\onedrive\documentos\github\dsi\proyectonº3\rumblecontroller\rumblecontroller.cpp(151): warning C4101: 'pt0': variable local sin referencia
c:\users\pekev\onedrive\documentos\github\dsi\proyectonº3\rumblecontroller\rumblecontroller.cpp(226): warning C4244: '+=': conversión de 'float' a 'LONG'; posible pérdida de datos
c:\users\pekev\onedrive\documentos\github\dsi\proyectonº3\rumblecontroller\rumblecontroller.cpp(229): warning C4244: '-=': conversión de 'float' a 'LONG'; posible pérdida de datos
c:\users\pekev\onedrive\documentos\github\dsi\proyectonº3\rumblecontroller\rumblecontroller.cpp(237): warning C4244: '-=': conversión de 'float' a 'LONG'; posible pérdida de datos
c:\users\pekev\onedrive\documentos\github\dsi\proyectonº3\rumblecontroller\rumblecontroller.cpp(240): warning C4244: '+=': conversión de 'float' a 'LONG'; posible pérdida de datos
  Generando código...
  RumbleController_2010.vcxproj -> C:\Users\pekev\OneDrive\Documentos\GitHub\DSI\ProyectoNº3\RumbleController\Debug\RumbleController.exe
